<?xml version="1.0" encoding="UTF-8"?>
<testsuite name="Kotlin.Unit.Test.app.NestedTest" tests="1" skipped="0" failures="0" errors="0" timestamp="2022-03-10T15:32:26" hostname="DESKTOP-IKMJTG9" time="0.001">
  <properties/>
  <testcase name="testA()" classname="Kotlin.Unit.Test.app.NestedTest" time="0.001"/>
  <system-out><![CDATA[testA
]]></system-out>
  <system-err><![CDATA[]]></system-err>
</testsuite>
