<?xml version="1.0" encoding="UTF-8"?>
<testsuite name="Kotlin.Unit.Test.app.MessageUtilsTest" tests="1" skipped="0" failures="0" errors="0" timestamp="2022-03-10T15:32:26" hostname="DESKTOP-IKMJTG9" time="0.027">
  <properties/>
  <testcase name="testGetMessage()" classname="Kotlin.Unit.Test.app.MessageUtilsTest" time="0.027"/>
  <system-out><![CDATA[Ini test
]]></system-out>
  <system-err><![CDATA[]]></system-err>
</testsuite>
