<?xml version="1.0" encoding="UTF-8"?>
<testsuite name="Kotlin.Unit.Test.app.SimpleIntergrationTest" tests="2" skipped="0" failures="0" errors="0" timestamp="2022-03-10T08:18:57" hostname="DESKTOP-IKMJTG9" time="0.033">
  <properties/>
  <testcase name="testSample1()" classname="Kotlin.Unit.Test.app.SimpleIntergrationTest" time="0.031"/>
  <testcase name="testSample2()" classname="Kotlin.Unit.Test.app.SimpleIntergrationTest" time="0.001"/>
  <system-out><![CDATA[testSample1
testSample2
]]></system-out>
  <system-err><![CDATA[]]></system-err>
</testsuite>
